<?xml version="1.0" encoding="UTF-8"?>
<!DOCTYPE suite SYSTEM "http://testng.org/testng-1.0.dtd">
<suite name="Zebrunner Suite" parallel="methods" thread-count="2">
    <listeners>
        <listener class-name="listener.MyTestListener"></listener>
    </listeners>
    <test name="Test Number 1">
        <classes>
            <class name="TestClass"/>
        </classes>
    </test>
    <test name="Test Number 2" >
        <classes>
            <class name="AnotherTestClass"></class>
        </classes>
    </test>
</suite>